\BOOKMARK [1][-]{section.1}{\376\377\000I\000n\000t\000r\000o\000d\000u\000c\000t\000i\000o\000n}{}% 1
\BOOKMARK [2][-]{subsection.1.1}{\376\377\000C\000o\000r\000e\000\040\000S\000c\000i\000e\000n\000t\000i\000f\000i\000c\000\040\000P\000r\000o\000b\000l\000e\000m\000\040\000a\000n\000d\000\040\000H\000y\000p\000o\000t\000h\000e\000s\000i\000s}{section.1}% 2
\BOOKMARK [2][-]{subsection.1.2}{\376\377\000B\000a\000c\000k\000g\000r\000o\000u\000n\000d\000\040\000a\000n\000d\000\040\000M\000o\000t\000i\000v\000a\000t\000i\000o\000n}{section.1}% 3
\BOOKMARK [2][-]{subsection.1.3}{\376\377\000R\000e\000l\000a\000t\000e\000d\000\040\000W\000o\000r\000k}{section.1}% 4
\BOOKMARK [2][-]{subsection.1.4}{\376\377\000K\000e\000y\000\040\000S\000c\000i\000e\000n\000t\000i\000f\000i\000c\000\040\000C\000o\000n\000t\000r\000i\000b\000u\000t\000i\000o\000n\000s}{section.1}% 5
\BOOKMARK [2][-]{subsection.1.5}{\376\377\000P\000a\000p\000e\000r\000\040\000O\000r\000g\000a\000n\000i\000z\000a\000t\000i\000o\000n}{section.1}% 6
\BOOKMARK [2][-]{subsection.1.6}{\376\377\000S\000o\000f\000t\000w\000a\000r\000e\000\040\000A\000v\000a\000i\000l\000a\000b\000i\000l\000i\000t\000y}{section.1}% 7
\BOOKMARK [1][-]{section.2}{\376\377\000T\000h\000e\000o\000r\000e\000t\000i\000c\000a\000l\000\040\000F\000o\000u\000n\000d\000a\000t\000i\000o\000n\000s}{}% 8
\BOOKMARK [2][-]{subsection.2.1}{\376\377\000F\000r\000a\000c\000t\000i\000o\000n\000a\000l\000\040\000C\000a\000l\000c\000u\000l\000u\000s\000\040\000R\000e\000v\000i\000e\000w}{section.2}% 9
\BOOKMARK [3][-]{subsubsection.2.1.1}{\376\377\000R\000i\000e\000m\000a\000n\000n\000-\000L\000i\000o\000u\000v\000i\000l\000l\000e\000\040\000F\000r\000a\000c\000t\000i\000o\000n\000a\000l\000\040\000D\000e\000r\000i\000v\000a\000t\000i\000v\000e}{subsection.2.1}% 10
\BOOKMARK [3][-]{subsubsection.2.1.2}{\376\377\000C\000a\000p\000u\000t\000o\000\040\000F\000r\000a\000c\000t\000i\000o\000n\000a\000l\000\040\000D\000e\000r\000i\000v\000a\000t\000i\000v\000e}{subsection.2.1}% 11
\BOOKMARK [3][-]{subsubsection.2.1.3}{\376\377\000G\000r\000\374\000n\000w\000a\000l\000d\000-\000L\000e\000t\000n\000i\000k\000o\000v\000\040\000F\000r\000a\000c\000t\000i\000o\000n\000a\000l\000\040\000D\000e\000r\000i\000v\000a\000t\000i\000v\000e}{subsection.2.1}% 12
\BOOKMARK [3][-]{subsubsection.2.1.4}{\376\377\000F\000r\000a\000c\000t\000i\000o\000n\000a\000l\000\040\000I\000n\000t\000e\000g\000r\000a\000l}{subsection.2.1}% 13
\BOOKMARK [2][-]{subsection.2.2}{\376\377\000S\000p\000e\000c\000t\000r\000a\000l\000\040\000A\000u\000t\000o\000g\000r\000a\000d\000\040\000F\000r\000a\000m\000e\000w\000o\000r\000k}{section.2}% 14
\BOOKMARK [3][-]{subsubsection.2.2.1}{\376\377\000P\000r\000o\000b\000l\000e\000m\000\040\000S\000t\000a\000t\000e\000m\000e\000n\000t}{subsection.2.2}% 15
\BOOKMARK [3][-]{subsubsection.2.2.2}{\376\377\000S\000p\000e\000c\000t\000r\000a\000l\000\040\000D\000o\000m\000a\000i\000n\000\040\000S\000o\000l\000u\000t\000i\000o\000n}{subsection.2.2}% 16
\BOOKMARK [3][-]{subsubsection.2.2.3}{\376\377\000S\000p\000e\000c\000t\000r\000a\000l\000\040\000C\000h\000a\000i\000n\000\040\000R\000u\000l\000e}{subsection.2.2}% 17
\BOOKMARK [3][-]{subsubsection.2.2.4}{\376\377\000S\000t\000a\000b\000i\000l\000i\000t\000y\000\040\000a\000n\000d\000\040\000C\000o\000n\000v\000e\000r\000g\000e\000n\000c\000e}{subsection.2.2}% 18
\BOOKMARK [3][-]{subsubsection.2.2.5}{\376\377\000M\000a\000t\000h\000e\000m\000a\000t\000i\000c\000a\000l\000\040\000P\000r\000o\000p\000e\000r\000t\000i\000e\000s}{subsection.2.2}% 19
\BOOKMARK [2][-]{subsection.2.3}{\376\377\000N\000e\000u\000r\000a\000l\000\040\000O\000r\000d\000i\000n\000a\000r\000y\000\040\000D\000i\000f\000f\000e\000r\000e\000n\000t\000i\000a\000l\000\040\000E\000q\000u\000a\000t\000i\000o\000n\000s}{section.2}% 20
\BOOKMARK [3][-]{subsubsection.2.3.1}{\376\377\000B\000a\000s\000i\000c\000\040\000F\000o\000r\000m\000u\000l\000a\000t\000i\000o\000n}{subsection.2.3}% 21
\BOOKMARK [3][-]{subsubsection.2.3.2}{\376\377\000A\000d\000j\000o\000i\000n\000t\000\040\000M\000e\000t\000h\000o\000d}{subsection.2.3}% 22
\BOOKMARK [3][-]{subsubsection.2.3.3}{\376\377\000N\000e\000u\000r\000a\000l\000\040\000F\000r\000a\000c\000t\000i\000o\000n\000a\000l\000\040\000O\000D\000E\000s}{subsection.2.3}% 23
\BOOKMARK [2][-]{subsection.2.4}{\376\377\000S\000t\000o\000c\000h\000a\000s\000t\000i\000c\000\040\000D\000i\000f\000f\000e\000r\000e\000n\000t\000i\000a\000l\000\040\000E\000q\000u\000a\000t\000i\000o\000n\000s}{section.2}% 24
\BOOKMARK [3][-]{subsubsection.2.4.1}{\376\377\000G\000e\000n\000e\000r\000a\000l\000\040\000F\000o\000r\000m}{subsection.2.4}% 25
\BOOKMARK [3][-]{subsubsection.2.4.2}{\376\377\000N\000u\000m\000e\000r\000i\000c\000a\000l\000\040\000I\000n\000t\000e\000g\000r\000a\000t\000i\000o\000n\000\040\000M\000e\000t\000h\000o\000d\000s}{subsection.2.4}% 26
\BOOKMARK [3][-]{subsubsection.2.4.3}{\376\377\000C\000o\000n\000v\000e\000r\000g\000e\000n\000c\000e\000\040\000a\000n\000d\000\040\000S\000t\000a\000b\000i\000l\000i\000t\000y}{subsection.2.4}% 27
\BOOKMARK [2][-]{subsection.2.5}{\376\377\000P\000h\000y\000s\000i\000c\000s\000-\000I\000n\000f\000o\000r\000m\000e\000d\000\040\000N\000e\000u\000r\000a\000l\000\040\000N\000e\000t\000w\000o\000r\000k\000s}{section.2}% 28
\BOOKMARK [3][-]{subsubsection.2.5.1}{\376\377\000B\000a\000s\000i\000c\000\040\000P\000I\000N\000N\000\040\000F\000o\000r\000m\000u\000l\000a\000t\000i\000o\000n}{subsection.2.5}% 29
\BOOKMARK [3][-]{subsubsection.2.5.2}{\376\377\000F\000r\000a\000c\000t\000i\000o\000n\000a\000l\000\040\000P\000I\000N\000N\000s}{subsection.2.5}% 30
\BOOKMARK [2][-]{subsection.2.6}{\376\377\000M\000a\000t\000h\000e\000m\000a\000t\000i\000c\000a\000l\000\040\000P\000r\000o\000p\000e\000r\000t\000i\000e\000s\000\040\000a\000n\000d\000\040\000C\000o\000n\000s\000t\000r\000a\000i\000n\000t\000s}{section.2}% 31
\BOOKMARK [3][-]{subsubsection.2.6.1}{\376\377\000F\000r\000a\000c\000t\000i\000o\000n\000a\000l\000\040\000O\000r\000d\000e\000r\000\040\000C\000o\000n\000s\000t\000r\000a\000i\000n\000t\000s}{subsection.2.6}% 32
\BOOKMARK [3][-]{subsubsection.2.6.2}{\376\377\000M\000e\000m\000o\000r\000y\000\040\000E\000f\000f\000e\000c\000t\000s}{subsection.2.6}% 33
\BOOKMARK [3][-]{subsubsection.2.6.3}{\376\377\000C\000o\000n\000v\000e\000r\000g\000e\000n\000c\000e\000\040\000A\000n\000a\000l\000y\000s\000i\000s}{subsection.2.6}% 34
\BOOKMARK [3][-]{subsubsection.2.6.4}{\376\377\000S\000t\000a\000b\000i\000l\000i\000t\000y\000\040\000C\000o\000n\000s\000i\000d\000e\000r\000a\000t\000i\000o\000n\000s}{subsection.2.6}% 35
\BOOKMARK [2][-]{subsection.2.7}{\376\377\000F\000r\000a\000c\000t\000i\000o\000n\000a\000l\000\040\000D\000i\000f\000f\000e\000r\000e\000n\000t\000i\000a\000l\000\040\000E\000q\000u\000a\000t\000i\000o\000n\000s}{section.2}% 36
\BOOKMARK [3][-]{subsubsection.2.7.1}{\376\377\000C\000l\000a\000s\000s\000i\000f\000i\000c\000a\000t\000i\000o\000n\000\040\000a\000n\000d\000\040\000T\000y\000p\000e\000s}{subsection.2.7}% 37
\BOOKMARK [3][-]{subsubsection.2.7.2}{\376\377\000N\000u\000m\000e\000r\000i\000c\000a\000l\000\040\000S\000o\000l\000u\000t\000i\000o\000n\000\040\000M\000e\000t\000h\000o\000d\000s}{subsection.2.7}% 38
\BOOKMARK [3][-]{subsubsection.2.7.3}{\376\377\000A\000n\000a\000l\000y\000t\000i\000c\000a\000l\000\040\000S\000o\000l\000u\000t\000i\000o\000n\000\040\000T\000e\000c\000h\000n\000i\000q\000u\000e\000s}{subsection.2.7}% 39
\BOOKMARK [3][-]{subsubsection.2.7.4}{\376\377\000S\000t\000a\000b\000i\000l\000i\000t\000y\000\040\000a\000n\000d\000\040\000C\000o\000n\000v\000e\000r\000g\000e\000n\000c\000e\000\040\000A\000n\000a\000l\000y\000s\000i\000s}{subsection.2.7}% 40
\BOOKMARK [3][-]{subsubsection.2.7.5}{\376\377\000S\000p\000e\000c\000i\000a\000l\000\040\000F\000u\000n\000c\000t\000i\000o\000n\000s\000\040\000i\000n\000\040\000F\000r\000a\000c\000t\000i\000o\000n\000a\000l\000\040\000C\000a\000l\000c\000u\000l\000u\000s}{subsection.2.7}% 41
\BOOKMARK [3][-]{subsubsection.2.7.6}{\376\377\000A\000p\000p\000l\000i\000c\000a\000t\000i\000o\000n\000s\000\040\000a\000n\000d\000\040\000E\000x\000a\000m\000p\000l\000e\000s}{subsection.2.7}% 42
\BOOKMARK [3][-]{subsubsection.2.7.7}{\376\377\000C\000o\000m\000p\000u\000t\000a\000t\000i\000o\000n\000a\000l\000\040\000C\000h\000a\000l\000l\000e\000n\000g\000e\000s\000\040\000a\000n\000d\000\040\000S\000o\000l\000u\000t\000i\000o\000n\000s}{subsection.2.7}% 43
\BOOKMARK [3][-]{subsubsection.2.7.8}{\376\377\000F\000u\000t\000u\000r\000e\000\040\000D\000i\000r\000e\000c\000t\000i\000o\000n\000s\000\040\000a\000n\000d\000\040\000R\000e\000s\000e\000a\000r\000c\000h\000\040\000C\000h\000a\000l\000l\000e\000n\000g\000e\000s}{subsection.2.7}% 44
\BOOKMARK [2][-]{subsection.2.8}{\376\377\000C\000o\000n\000v\000e\000r\000g\000e\000n\000c\000e\000\040\000A\000n\000a\000l\000y\000s\000i\000s\000\040\000a\000n\000d\000\040\000E\000r\000r\000o\000r\000\040\000B\000o\000u\000n\000d\000s}{section.2}% 45
\BOOKMARK [3][-]{subsubsection.2.8.1}{\376\377\000S\000p\000e\000c\000t\000r\000a\000l\000\040\000A\000u\000t\000o\000g\000r\000a\000d\000\040\000C\000o\000n\000v\000e\000r\000g\000e\000n\000c\000e}{subsection.2.8}% 46
\BOOKMARK [3][-]{subsubsection.2.8.2}{\376\377\000S\000t\000o\000c\000h\000a\000s\000t\000i\000c\000\040\000M\000e\000m\000o\000r\000y\000\040\000S\000a\000m\000p\000l\000i\000n\000g\000\040\000C\000o\000n\000v\000e\000r\000g\000e\000n\000c\000e}{subsection.2.8}% 47
\BOOKMARK [3][-]{subsubsection.2.8.3}{\376\377\000N\000u\000m\000e\000r\000i\000c\000a\000l\000\040\000S\000t\000a\000b\000i\000l\000i\000t\000y\000\040\000A\000n\000a\000l\000y\000s\000i\000s}{subsection.2.8}% 48
\BOOKMARK [3][-]{subsubsection.2.8.4}{\376\377\000P\000r\000o\000b\000a\000b\000i\000l\000i\000s\000t\000i\000c\000\040\000F\000r\000a\000c\000t\000i\000o\000n\000a\000l\000\040\000O\000r\000d\000e\000r\000s\000\040\000S\000t\000a\000b\000i\000l\000i\000t\000y}{subsection.2.8}% 49
\BOOKMARK [2][-]{subsection.2.9}{\376\377\000N\000u\000m\000e\000r\000i\000c\000a\000l\000\040\000S\000t\000a\000b\000i\000l\000i\000t\000y\000\040\000A\000n\000a\000l\000y\000s\000i\000s}{section.2}% 50
\BOOKMARK [3][-]{subsubsection.2.9.1}{\376\377\000S\000t\000a\000b\000i\000l\000i\000t\000y\000\040\000o\000f\000\040\000S\000p\000e\000c\000t\000r\000a\000l\000\040\000M\000e\000t\000h\000o\000d\000s}{subsection.2.9}% 51
\BOOKMARK [3][-]{subsubsection.2.9.2}{\376\377\000M\000e\000m\000o\000r\000y\000\040\000C\000o\000m\000p\000l\000e\000x\000i\000t\000y\000\040\000A\000n\000a\000l\000y\000s\000i\000s}{subsection.2.9}% 52
\BOOKMARK [3][-]{subsubsection.2.9.3}{\376\377\000E\000r\000r\000o\000r\000\040\000P\000r\000o\000p\000a\000g\000a\000t\000i\000o\000n\000\040\000A\000n\000a\000l\000y\000s\000i\000s}{subsection.2.9}% 53
\BOOKMARK [2][-]{subsection.2.10}{\376\377\000C\000o\000n\000v\000e\000r\000g\000e\000n\000c\000e\000\040\000C\000o\000n\000d\000i\000t\000i\000o\000n\000s\000\040\000a\000n\000d\000\040\000G\000u\000a\000r\000a\000n\000t\000e\000e\000s}{section.2}% 54
\BOOKMARK [3][-]{subsubsection.2.10.1}{\376\377\000S\000u\000f\000f\000i\000c\000i\000e\000n\000t\000\040\000C\000o\000n\000d\000i\000t\000i\000o\000n\000s\000\040\000f\000o\000r\000\040\000C\000o\000n\000v\000e\000r\000g\000e\000n\000c\000e}{subsection.2.10}% 55
\BOOKMARK [3][-]{subsubsection.2.10.2}{\376\377\000E\000r\000r\000o\000r\000\040\000B\000o\000u\000n\000d\000s\000\040\000f\000o\000r\000\040\000D\000i\000f\000f\000e\000r\000e\000n\000t\000\040\000M\000e\000t\000h\000o\000d\000s}{subsection.2.10}% 56
\BOOKMARK [2][-]{subsection.2.11}{\376\377\000I\000m\000p\000l\000e\000m\000e\000n\000t\000a\000t\000i\000o\000n\000-\000S\000p\000e\000c\000i\000f\000i\000c\000\040\000A\000n\000a\000l\000y\000s\000i\000s}{section.2}% 57
\BOOKMARK [3][-]{subsubsection.2.11.1}{\376\377\000G\000P\000U\000\040\000O\000p\000t\000i\000m\000i\000z\000a\000t\000i\000o\000n\000\040\000S\000t\000a\000b\000i\000l\000i\000t\000y}{subsection.2.11}% 58
\BOOKMARK [3][-]{subsubsection.2.11.2}{\376\377\000A\000u\000t\000o\000m\000a\000t\000i\000c\000\040\000M\000i\000x\000e\000d\000\040\000P\000r\000e\000c\000i\000s\000i\000o\000n\000\040\000A\000n\000a\000l\000y\000s\000i\000s}{subsection.2.11}% 59
\BOOKMARK [2][-]{subsection.2.12}{\376\377\000R\000i\000g\000o\000r\000o\000u\000s\000\040\000C\000o\000n\000v\000e\000r\000g\000e\000n\000c\000e\000\040\000A\000n\000a\000l\000y\000s\000i\000s\000\040\000f\000o\000r\000\040\000F\000r\000a\000c\000t\000i\000o\000n\000a\000l\000\040\000S\000t\000o\000c\000h\000a\000s\000t\000i\000c\000\040\000M\000e\000t\000h\000o\000d\000s}{section.2}% 60
\BOOKMARK [3][-]{subsubsection.2.12.1}{\376\377\000F\000r\000a\000c\000t\000i\000o\000n\000a\000l\000\040\000I\000m\000p\000o\000r\000t\000a\000n\000c\000e\000\040\000S\000a\000m\000p\000l\000i\000n\000g\000\040\000C\000o\000n\000v\000e\000r\000g\000e\000n\000c\000e}{subsection.2.12}% 61
\BOOKMARK [3][-]{subsubsection.2.12.2}{\376\377\000R\000E\000I\000N\000F\000O\000R\000C\000E\000\040\000C\000o\000n\000v\000e\000r\000g\000e\000n\000c\000e\000\040\000f\000o\000r\000\040\000S\000t\000o\000c\000h\000a\000s\000t\000i\000c\000\040\000F\000r\000a\000c\000t\000i\000o\000n\000a\000l\000\040\000O\000r\000d\000e\000r\000s}{subsection.2.12}% 62
\BOOKMARK [3][-]{subsubsection.2.12.3}{\376\377\000S\000p\000e\000c\000t\000r\000a\000l\000\040\000F\000r\000a\000c\000t\000i\000o\000n\000a\000l\000\040\000A\000u\000t\000o\000g\000r\000a\000d\000\040\000C\000o\000n\000v\000e\000r\000g\000e\000n\000c\000e}{subsection.2.12}% 63
\BOOKMARK [3][-]{subsubsection.2.12.4}{\376\377\000D\000e\000t\000a\000i\000l\000e\000d\000\040\000C\000o\000n\000v\000e\000r\000g\000e\000n\000c\000e\000\040\000R\000a\000t\000e\000\040\000A\000n\000a\000l\000y\000s\000i\000s}{subsection.2.12}% 64
\BOOKMARK [3][-]{subsubsection.2.12.5}{\376\377\000E\000r\000r\000o\000r\000\040\000P\000r\000o\000p\000a\000g\000a\000t\000i\000o\000n\000\040\000A\000n\000a\000l\000y\000s\000i\000s\000\040\000f\000o\000r\000\040\000S\000p\000e\000c\000t\000r\000a\000l\000\040\000D\000o\000m\000a\000i\000n\000\040\000T\000r\000a\000n\000s\000f\000o\000r\000m\000a\000t\000i\000o\000n\000s}{subsection.2.12}% 65
\BOOKMARK [3][-]{subsubsection.2.12.6}{\376\377\000T\000h\000e\000o\000r\000e\000t\000i\000c\000a\000l\000\040\000G\000u\000a\000r\000a\000n\000t\000e\000e\000s\000\040\000f\000o\000r\000\040\000P\000r\000o\000b\000a\000b\000i\000l\000i\000s\000t\000i\000c\000\040\000F\000r\000a\000c\000t\000i\000o\000n\000a\000l\000\040\000O\000r\000d\000e\000r\000s\000\040\000F\000r\000a\000m\000e\000w\000o\000r\000k}{subsection.2.12}% 66
\BOOKMARK [1][-]{section.3}{\376\377\000L\000i\000t\000e\000r\000a\000t\000u\000r\000e\000\040\000R\000e\000v\000i\000e\000w}{}% 67
\BOOKMARK [2][-]{subsection.3.1}{\376\377\000C\000o\000m\000p\000u\000t\000a\000t\000i\000o\000n\000a\000l\000\040\000C\000h\000a\000l\000l\000e\000n\000g\000e\000s\000\040\000i\000n\000\040\000F\000r\000a\000c\000t\000i\000o\000n\000a\000l\000\040\000D\000i\000f\000f\000e\000r\000e\000n\000t\000i\000a\000l\000\040\000E\000q\000u\000a\000t\000i\000o\000n\000s}{section.3}% 68
\BOOKMARK [3][-]{subsubsection.3.1.1}{\376\377\000C\000o\000r\000e\000\040\000C\000o\000m\000p\000u\000t\000a\000t\000i\000o\000n\000a\000l\000\040\000C\000h\000a\000l\000l\000e\000n\000g\000e\000s}{subsection.3.1}% 69
\BOOKMARK [3][-]{subsubsection.3.1.2}{\376\377\000P\000r\000o\000p\000o\000s\000e\000d\000\040\000S\000o\000l\000u\000t\000i\000o\000n\000s\000\040\000a\000n\000d\000\040\000M\000e\000t\000h\000o\000d\000s}{subsection.3.1}% 70
\BOOKMARK [3][-]{subsubsection.3.1.3}{\376\377\000R\000e\000s\000e\000a\000r\000c\000h\000\040\000G\000a\000p\000s\000\040\000a\000n\000d\000\040\000O\000p\000p\000o\000r\000t\000u\000n\000i\000t\000i\000e\000s}{subsection.3.1}% 71
\BOOKMARK [2][-]{subsection.3.2}{\376\377\000R\000e\000c\000e\000n\000t\000\040\000D\000e\000v\000e\000l\000o\000p\000m\000e\000n\000t\000s\000\040\000i\000n\000\040\000F\000r\000a\000c\000t\000i\000o\000n\000a\000l\000\040\000N\000e\000u\000r\000a\000l\000\040\000N\000e\000t\000w\000o\000r\000k\000s}{section.3}% 72
\BOOKMARK [3][-]{subsubsection.3.2.1}{\376\377\000T\000h\000e\000o\000r\000e\000t\000i\000c\000a\000l\000\040\000F\000o\000u\000n\000d\000a\000t\000i\000o\000n\000s}{subsection.3.2}% 73
\BOOKMARK [3][-]{subsubsection.3.2.2}{\376\377\000C\000o\000m\000p\000u\000t\000a\000t\000i\000o\000n\000a\000l\000\040\000I\000m\000p\000l\000e\000m\000e\000n\000t\000a\000t\000i\000o\000n\000s}{subsection.3.2}% 74
\BOOKMARK [3][-]{subsubsection.3.2.3}{\376\377\000A\000p\000p\000l\000i\000c\000a\000t\000i\000o\000n\000s\000\040\000a\000n\000d\000\040\000P\000e\000r\000f\000o\000r\000m\000a\000n\000c\000e}{subsection.3.2}% 75
\BOOKMARK [3][-]{subsubsection.3.2.4}{\376\377\000C\000h\000a\000l\000l\000e\000n\000g\000e\000s\000\040\000a\000n\000d\000\040\000L\000i\000m\000i\000t\000a\000t\000i\000o\000n\000s}{subsection.3.2}% 76
\BOOKMARK [3][-]{subsubsection.3.2.5}{\376\377\000R\000e\000s\000e\000a\000r\000c\000h\000\040\000G\000a\000p\000s\000\040\000a\000n\000d\000\040\000O\000p\000p\000o\000r\000t\000u\000n\000i\000t\000i\000e\000s}{subsection.3.2}% 77
\BOOKMARK [2][-]{subsection.3.3}{\376\377\000S\000o\000f\000t\000w\000a\000r\000e\000\040\000I\000m\000p\000l\000e\000m\000e\000n\000t\000a\000t\000i\000o\000n\000s\000\040\000a\000n\000d\000\040\000L\000i\000b\000r\000a\000r\000i\000e\000s}{section.3}% 78
\BOOKMARK [3][-]{subsubsection.3.3.1}{\376\377\000T\000h\000e\000\040\000d\000i\000f\000f\000e\000r\000i\000n\000t\000\040\000P\000a\000c\000k\000a\000g\000e}{subsection.3.3}% 79
\BOOKMARK [3][-]{subsubsection.3.3.2}{\376\377\000L\000i\000m\000i\000t\000a\000t\000i\000o\000n\000s\000\040\000a\000n\000d\000\040\000D\000e\000s\000i\000g\000n\000\040\000C\000o\000n\000s\000i\000d\000e\000r\000a\000t\000i\000o\000n\000s}{subsection.3.3}% 80
\BOOKMARK [3][-]{subsubsection.3.3.3}{\376\377\000I\000m\000p\000a\000c\000t\000\040\000o\000n\000\040\000H\000P\000F\000R\000A\000C\000C\000\040\000D\000e\000v\000e\000l\000o\000p\000m\000e\000n\000t}{subsection.3.3}% 81
\BOOKMARK [2][-]{subsection.3.4}{\376\377\000R\000e\000c\000e\000n\000t\000\040\000A\000d\000v\000a\000n\000c\000e\000s\000\040\000i\000n\000\040\000F\000r\000a\000c\000t\000i\000o\000n\000a\000l\000\040\000D\000i\000f\000f\000e\000r\000e\000n\000t\000i\000a\000t\000i\000o\000n}{section.3}% 82
\BOOKMARK [3][-]{subsubsection.3.4.1}{\376\377\000T\000h\000e\000o\000r\000e\000t\000i\000c\000a\000l\000\040\000D\000e\000v\000e\000l\000o\000p\000m\000e\000n\000t\000s}{subsection.3.4}% 83
\BOOKMARK [3][-]{subsubsection.3.4.2}{\376\377\000A\000p\000p\000l\000i\000c\000a\000t\000i\000o\000n\000\040\000D\000o\000m\000a\000i\000n\000s}{subsection.3.4}% 84
\BOOKMARK [3][-]{subsubsection.3.4.3}{\376\377\000C\000o\000m\000p\000u\000t\000a\000t\000i\000o\000n\000a\000l\000\040\000A\000d\000v\000a\000n\000c\000e\000s}{subsection.3.4}% 85
\BOOKMARK [3][-]{subsubsection.3.4.4}{\376\377\000R\000e\000s\000e\000a\000r\000c\000h\000\040\000D\000i\000r\000e\000c\000t\000i\000o\000n\000s\000\040\000a\000n\000d\000\040\000F\000u\000t\000u\000r\000e\000\040\000W\000o\000r\000k}{subsection.3.4}% 86
\BOOKMARK [2][-]{subsection.3.5}{\376\377\000N\000e\000u\000r\000a\000l\000\040\000N\000e\000t\000w\000o\000r\000k\000s\000\040\000a\000n\000d\000\040\000F\000r\000a\000c\000t\000i\000o\000n\000a\000l\000\040\000C\000a\000l\000c\000u\000l\000u\000s\000\040\000I\000n\000t\000e\000g\000r\000a\000t\000i\000o\000n}{section.3}% 87
\BOOKMARK [3][-]{subsubsection.3.5.1}{\376\377\000F\000r\000a\000c\000t\000i\000o\000n\000a\000l\000-\000O\000r\000d\000e\000r\000\040\000J\000a\000c\000o\000b\000i\000a\000n\000\040\000M\000a\000t\000r\000i\000x\000\040\000D\000i\000f\000f\000e\000r\000e\000n\000t\000i\000a\000t\000i\000o\000n}{subsection.3.5}% 88
\BOOKMARK [3][-]{subsubsection.3.5.2}{\376\377\000A\000p\000p\000l\000i\000c\000a\000t\000i\000o\000n\000s\000\040\000i\000n\000\040\000N\000e\000u\000r\000a\000l\000\040\000N\000e\000t\000w\000o\000r\000k\000s}{subsection.3.5}% 89
\BOOKMARK [3][-]{subsubsection.3.5.3}{\376\377\000T\000h\000e\000o\000r\000e\000t\000i\000c\000a\000l\000\040\000C\000o\000n\000t\000r\000i\000b\000u\000t\000i\000o\000n\000s}{subsection.3.5}% 90
\BOOKMARK [3][-]{subsubsection.3.5.4}{\376\377\000E\000x\000p\000e\000r\000i\000m\000e\000n\000t\000a\000l\000\040\000V\000a\000l\000i\000d\000a\000t\000i\000o\000n}{subsection.3.5}% 91
\BOOKMARK [3][-]{subsubsection.3.5.5}{\376\377\000I\000m\000p\000l\000i\000c\000a\000t\000i\000o\000n\000s\000\040\000f\000o\000r\000\040\000H\000P\000F\000R\000A\000C\000C}{subsection.3.5}% 92
\BOOKMARK [2][-]{subsection.3.6}{\376\377\000P\000h\000y\000s\000i\000c\000s\000-\000I\000n\000f\000o\000r\000m\000e\000d\000\040\000N\000e\000u\000r\000a\000l\000\040\000N\000e\000t\000w\000o\000r\000k\000s\000\040\000f\000o\000r\000\040\000F\000r\000a\000c\000t\000i\000o\000n\000a\000l\000\040\000S\000y\000s\000t\000e\000m\000s}{section.3}% 93
\BOOKMARK [3][-]{subsubsection.3.6.1}{\376\377\000F\000r\000a\000c\000t\000i\000o\000n\000a\000l\000\040\000P\000I\000N\000N\000s\000\040\000F\000r\000a\000m\000e\000w\000o\000r\000k}{subsection.3.6}% 94
\BOOKMARK [3][-]{subsubsection.3.6.2}{\376\377\000A\000c\000c\000e\000l\000e\000r\000a\000t\000i\000o\000n\000\040\000T\000e\000c\000h\000n\000i\000q\000u\000e\000s}{subsection.3.6}% 95
\BOOKMARK [3][-]{subsubsection.3.6.3}{\376\377\000A\000p\000p\000l\000i\000c\000a\000t\000i\000o\000n\000s\000\040\000a\000n\000d\000\040\000V\000a\000l\000i\000d\000a\000t\000i\000o\000n}{subsection.3.6}% 96
\BOOKMARK [3][-]{subsubsection.3.6.4}{\376\377\000P\000e\000r\000f\000o\000r\000m\000a\000n\000c\000e\000\040\000A\000n\000a\000l\000y\000s\000i\000s}{subsection.3.6}% 97
\BOOKMARK [3][-]{subsubsection.3.6.5}{\376\377\000R\000e\000s\000e\000a\000r\000c\000h\000\040\000I\000m\000p\000a\000c\000t\000\040\000a\000n\000d\000\040\000F\000u\000t\000u\000r\000e\000\040\000D\000i\000r\000e\000c\000t\000i\000o\000n\000s}{subsection.3.6}% 98
\BOOKMARK [3][-]{subsubsection.3.6.6}{\376\377\000I\000n\000t\000e\000g\000r\000a\000t\000i\000o\000n\000\040\000w\000i\000t\000h\000\040\000H\000P\000F\000R\000A\000C\000C}{subsection.3.6}% 99
\BOOKMARK [2][-]{subsection.3.7}{\376\377\000S\000y\000n\000t\000h\000e\000s\000i\000s\000\040\000a\000n\000d\000\040\000R\000e\000s\000e\000a\000r\000c\000h\000\040\000G\000a\000p\000s}{section.3}% 100
\BOOKMARK [3][-]{subsubsection.3.7.1}{\376\377\000K\000e\000y\000\040\000T\000h\000e\000m\000e\000s\000\040\000i\000n\000\040\000t\000h\000e\000\040\000L\000i\000t\000e\000r\000a\000t\000u\000r\000e}{subsection.3.7}% 101
\BOOKMARK [3][-]{subsubsection.3.7.2}{\376\377\000I\000d\000e\000n\000t\000i\000f\000i\000e\000d\000\040\000R\000e\000s\000e\000a\000r\000c\000h\000\040\000G\000a\000p\000s}{subsection.3.7}% 102
\BOOKMARK [3][-]{subsubsection.3.7.3}{\376\377\000H\000P\000F\000R\000A\000C\000C\000'\000s\000\040\000U\000n\000i\000q\000u\000e\000\040\000C\000o\000n\000t\000r\000i\000b\000u\000t\000i\000o\000n\000s}{subsection.3.7}% 103
\BOOKMARK [3][-]{subsubsection.3.7.4}{\376\377\000F\000u\000t\000u\000r\000e\000\040\000R\000e\000s\000e\000a\000r\000c\000h\000\040\000D\000i\000r\000e\000c\000t\000i\000o\000n\000s}{subsection.3.7}% 104
\BOOKMARK [2][-]{subsection.3.8}{\376\377\000P\000r\000o\000b\000a\000b\000i\000l\000i\000s\000t\000i\000c\000\040\000C\000o\000m\000p\000u\000t\000a\000t\000i\000o\000n\000\040\000a\000n\000d\000\040\000S\000t\000o\000c\000h\000a\000s\000t\000i\000c\000\040\000G\000r\000a\000d\000i\000e\000n\000t\000\040\000E\000s\000t\000i\000m\000a\000t\000i\000o\000n}{section.3}% 105
\BOOKMARK [3][-]{subsubsection.3.8.1}{\376\377\000S\000t\000o\000c\000h\000a\000s\000t\000i\000c\000\040\000C\000o\000m\000p\000u\000t\000a\000t\000i\000o\000n\000\040\000G\000r\000a\000p\000h\000s\000\040\000f\000o\000r\000\040\000F\000r\000a\000c\000t\000i\000o\000n\000a\000l\000\040\000D\000e\000r\000i\000v\000a\000t\000i\000v\000e\000s}{subsection.3.8}% 106
\BOOKMARK [3][-]{subsubsection.3.8.2}{\376\377\000F\000r\000a\000c\000t\000i\000o\000n\000a\000l\000\040\000N\000e\000u\000r\000a\000l\000\040\000S\000a\000m\000p\000l\000i\000n\000g\000\040\000a\000n\000d\000\040\000P\000r\000o\000b\000a\000b\000i\000l\000i\000s\000t\000i\000c\000\040\000C\000o\000m\000p\000u\000t\000a\000t\000i\000o\000n\000s}{subsection.3.8}% 107
\BOOKMARK [3][-]{subsubsection.3.8.3}{\376\377\000I\000m\000p\000l\000i\000c\000a\000t\000i\000o\000n\000s\000\040\000f\000o\000r\000\040\000H\000P\000F\000R\000A\000C\000C}{subsection.3.8}% 108
\BOOKMARK [2][-]{subsection.3.9}{\376\377\000C\000o\000n\000c\000l\000u\000s\000i\000o\000n}{section.3}% 109
\BOOKMARK [1][-]{section.4}{\376\377\000F\000r\000a\000m\000e\000w\000o\000r\000k\000\040\000A\000r\000c\000h\000i\000t\000e\000c\000t\000u\000r\000e}{}% 110
\BOOKMARK [2][-]{subsection.4.1}{\376\377\000O\000v\000e\000r\000a\000l\000l\000\040\000D\000e\000s\000i\000g\000n\000\040\000P\000h\000i\000l\000o\000s\000o\000p\000h\000y}{section.4}% 111
\BOOKMARK [3][-]{subsubsection.4.1.1}{\376\377\000M\000o\000d\000u\000l\000a\000r\000i\000t\000y\000\040\000a\000n\000d\000\040\000E\000x\000t\000e\000n\000s\000i\000b\000i\000l\000i\000t\000y}{subsection.4.1}% 112
\BOOKMARK [3][-]{subsubsection.4.1.2}{\376\377\000U\000n\000i\000f\000i\000e\000d\000\040\000A\000P\000I\000\040\000D\000e\000s\000i\000g\000n}{subsection.4.1}% 113
\BOOKMARK [3][-]{subsubsection.4.1.3}{\376\377\000M\000u\000l\000t\000i\000-\000B\000a\000c\000k\000e\000n\000d\000\040\000S\000u\000p\000p\000o\000r\000t}{subsection.4.1}% 114
\BOOKMARK [3][-]{subsubsection.4.1.4}{\376\377\000C\000o\000m\000p\000r\000e\000h\000e\000n\000s\000i\000v\000e\000\040\000T\000e\000s\000t\000i\000n\000g\000\040\000a\000n\000d\000\040\000V\000a\000l\000i\000d\000a\000t\000i\000o\000n}{subsection.4.1}% 115
\BOOKMARK [2][-]{subsection.4.2}{\376\377\000C\000o\000r\000e\000\040\000A\000r\000c\000h\000i\000t\000e\000c\000t\000u\000r\000e\000\040\000C\000o\000m\000p\000o\000n\000e\000n\000t\000s}{section.4}% 116
\BOOKMARK [3][-]{subsubsection.4.2.1}{\376\377\000B\000a\000s\000e\000\040\000C\000l\000a\000s\000s\000e\000s\000\040\000a\000n\000d\000\040\000I\000n\000t\000e\000r\000f\000a\000c\000e\000s}{subsection.4.2}% 117
\BOOKMARK [3][-]{subsubsection.4.2.2}{\376\377\000M\000o\000d\000u\000l\000e\000\040\000O\000r\000g\000a\000n\000i\000z\000a\000t\000i\000o\000n}{subsection.4.2}% 118
\BOOKMARK [3][-]{subsubsection.4.2.3}{\376\377\000C\000o\000n\000f\000i\000g\000u\000r\000a\000t\000i\000o\000n\000\040\000M\000a\000n\000a\000g\000e\000m\000e\000n\000t}{subsection.4.2}% 119
\BOOKMARK [2][-]{subsection.4.3}{\376\377\000N\000e\000u\000r\000a\000l\000\040\000f\000O\000D\000E\000\040\000F\000r\000a\000m\000e\000w\000o\000r\000k\000\040\000A\000r\000c\000h\000i\000t\000e\000c\000t\000u\000r\000e}{section.4}% 120
\BOOKMARK [3][-]{subsubsection.4.3.1}{\376\377\000B\000a\000s\000e\000N\000e\000u\000r\000a\000l\000O\000D\000E\000\040\000I\000m\000p\000l\000e\000m\000e\000n\000t\000a\000t\000i\000o\000n}{subsection.4.3}% 121
\BOOKMARK [3][-]{subsubsection.4.3.2}{\376\377\000N\000e\000u\000r\000a\000l\000O\000D\000E\000\040\000I\000m\000p\000l\000e\000m\000e\000n\000t\000a\000t\000i\000o\000n}{subsection.4.3}% 122
\BOOKMARK [3][-]{subsubsection.4.3.3}{\376\377\000N\000e\000u\000r\000a\000l\000F\000O\000D\000E\000\040\000I\000m\000p\000l\000e\000m\000e\000n\000t\000a\000t\000i\000o\000n}{subsection.4.3}% 123
\BOOKMARK [3][-]{subsubsection.4.3.4}{\376\377\000N\000e\000u\000r\000a\000l\000O\000D\000E\000T\000r\000a\000i\000n\000e\000r\000\040\000I\000m\000p\000l\000e\000m\000e\000n\000t\000a\000t\000i\000o\000n}{subsection.4.3}% 124
\BOOKMARK [2][-]{subsection.4.4}{\376\377\000S\000D\000E\000\040\000S\000o\000l\000v\000e\000r\000s\000\040\000A\000r\000c\000h\000i\000t\000e\000c\000t\000u\000r\000e}{section.4}% 125
\BOOKMARK [3][-]{subsubsection.4.4.1}{\376\377\000B\000a\000s\000e\000S\000D\000E\000S\000o\000l\000v\000e\000r\000\040\000I\000m\000p\000l\000e\000m\000e\000n\000t\000a\000t\000i\000o\000n}{subsection.4.4}% 126
\BOOKMARK [3][-]{subsubsection.4.4.2}{\376\377\000C\000o\000n\000c\000r\000e\000t\000e\000\040\000S\000D\000E\000\040\000S\000o\000l\000v\000e\000r\000\040\000I\000m\000p\000l\000e\000m\000e\000n\000t\000a\000t\000i\000o\000n\000s}{subsection.4.4}% 127
\BOOKMARK [2][-]{subsection.4.5}{\376\377\000F\000a\000c\000t\000o\000r\000y\000\040\000P\000a\000t\000t\000e\000r\000n\000\040\000I\000m\000p\000l\000e\000m\000e\000n\000t\000a\000t\000i\000o\000n}{section.4}% 128
\BOOKMARK [3][-]{subsubsection.4.5.1}{\376\377\000M\000o\000d\000e\000l\000\040\000C\000r\000e\000a\000t\000i\000o\000n\000\040\000F\000a\000c\000t\000o\000r\000i\000e\000s}{subsection.4.5}% 129
\BOOKMARK [3][-]{subsubsection.4.5.2}{\376\377\000S\000D\000E\000\040\000S\000o\000l\000v\000e\000r\000\040\000F\000a\000c\000t\000o\000r\000i\000e\000s}{subsection.4.5}% 130
\BOOKMARK [2][-]{subsection.4.6}{\376\377\000B\000a\000c\000k\000e\000n\000d\000\040\000M\000a\000n\000a\000g\000e\000m\000e\000n\000t\000\040\000S\000y\000s\000t\000e\000m}{section.4}% 131
\BOOKMARK [3][-]{subsubsection.4.6.1}{\376\377\000B\000a\000c\000k\000e\000n\000d\000\040\000A\000b\000s\000t\000r\000a\000c\000t\000i\000o\000n}{subsection.4.6}% 132
\BOOKMARK [3][-]{subsubsection.4.6.2}{\376\377\000B\000a\000c\000k\000e\000n\000d\000-\000S\000p\000e\000c\000i\000f\000i\000c\000\040\000O\000p\000t\000i\000m\000i\000z\000a\000t\000i\000o\000n\000s}{subsection.4.6}% 133
\BOOKMARK [2][-]{subsection.4.7}{\376\377\000E\000r\000r\000o\000r\000\040\000H\000a\000n\000d\000l\000i\000n\000g\000\040\000a\000n\000d\000\040\000V\000a\000l\000i\000d\000a\000t\000i\000o\000n}{section.4}% 134
\BOOKMARK [3][-]{subsubsection.4.7.1}{\376\377\000P\000a\000r\000a\000m\000e\000t\000e\000r\000\040\000V\000a\000l\000i\000d\000a\000t\000i\000o\000n}{subsection.4.7}% 135
\BOOKMARK [3][-]{subsubsection.4.7.2}{\376\377\000E\000r\000r\000o\000r\000\040\000R\000e\000c\000o\000v\000e\000r\000y\000\040\000a\000n\000d\000\040\000G\000r\000a\000c\000e\000f\000u\000l\000\040\000D\000e\000g\000r\000a\000d\000a\000t\000i\000o\000n}{subsection.4.7}% 136
\BOOKMARK [2][-]{subsection.4.8}{\376\377\000P\000e\000r\000f\000o\000r\000m\000a\000n\000c\000e\000\040\000O\000p\000t\000i\000m\000i\000z\000a\000t\000i\000o\000n}{section.4}% 137
\BOOKMARK [3][-]{subsubsection.4.8.1}{\376\377\000M\000e\000m\000o\000r\000y\000\040\000M\000a\000n\000a\000g\000e\000m\000e\000n\000t}{subsection.4.8}% 138
\BOOKMARK [3][-]{subsubsection.4.8.2}{\376\377\000P\000a\000r\000a\000l\000l\000e\000l\000\040\000P\000r\000o\000c\000e\000s\000s\000i\000n\000g}{subsection.4.8}% 139
\BOOKMARK [2][-]{subsection.4.9}{\376\377\000T\000e\000s\000t\000i\000n\000g\000\040\000a\000n\000d\000\040\000V\000a\000l\000i\000d\000a\000t\000i\000o\000n\000\040\000F\000r\000a\000m\000e\000w\000o\000r\000k}{section.4}% 140
\BOOKMARK [3][-]{subsubsection.4.9.1}{\376\377\000T\000e\000s\000t\000\040\000O\000r\000g\000a\000n\000i\000z\000a\000t\000i\000o\000n}{subsection.4.9}% 141
\BOOKMARK [3][-]{subsubsection.4.9.2}{\376\377\000C\000o\000n\000t\000i\000n\000u\000o\000u\000s\000\040\000I\000n\000t\000e\000g\000r\000a\000t\000i\000o\000n}{subsection.4.9}% 142
\BOOKMARK [2][-]{subsection.4.10}{\376\377\000D\000o\000c\000u\000m\000e\000n\000t\000a\000t\000i\000o\000n\000\040\000a\000n\000d\000\040\000E\000x\000a\000m\000p\000l\000e\000s}{section.4}% 143
\BOOKMARK [3][-]{subsubsection.4.10.1}{\376\377\000C\000o\000m\000p\000r\000e\000h\000e\000n\000s\000i\000v\000e\000\040\000D\000o\000c\000u\000m\000e\000n\000t\000a\000t\000i\000o\000n}{subsection.4.10}% 144
\BOOKMARK [3][-]{subsubsection.4.10.2}{\376\377\000I\000n\000t\000e\000r\000a\000c\000t\000i\000v\000e\000\040\000E\000x\000a\000m\000p\000l\000e\000s}{subsection.4.10}% 145
\BOOKMARK [2][-]{subsection.4.11}{\376\377\000F\000r\000a\000c\000t\000i\000o\000n\000a\000l\000\040\000A\000u\000t\000o\000g\000r\000a\000d\000\040\000I\000m\000p\000l\000e\000m\000e\000n\000t\000a\000t\000i\000o\000n}{section.4}% 146
\BOOKMARK [3][-]{subsubsection.4.11.1}{\376\377\000N\000o\000n\000-\000L\000o\000c\000a\000l\000\040\000O\000p\000e\000r\000a\000t\000o\000r\000\040\000C\000h\000a\000l\000l\000e\000n\000g\000e\000s\000\040\000i\000n\000\040\000A\000u\000t\000o\000g\000r\000a\000d}{subsection.4.11}% 147
\BOOKMARK [3][-]{subsubsection.4.11.2}{\376\377\000R\000i\000g\000o\000r\000o\000u\000s\000\040\000A\000l\000g\000o\000r\000i\000t\000h\000m\000i\000c\000\040\000F\000r\000a\000m\000e\000w\000o\000r\000k}{subsection.4.11}% 148
\BOOKMARK [3][-]{subsubsection.4.11.3}{\376\377\000S\000p\000e\000c\000t\000r\000a\000l\000\040\000D\000o\000m\000a\000i\000n\000\040\000A\000u\000t\000o\000g\000r\000a\000d}{subsection.4.11}% 149
\BOOKMARK [3][-]{subsubsection.4.11.4}{\376\377\000M\000e\000m\000o\000r\000y\000-\000E\000f\000f\000i\000c\000i\000e\000n\000t\000\040\000G\000r\000a\000d\000i\000e\000n\000t\000\040\000C\000o\000m\000p\000u\000t\000a\000t\000i\000o\000n}{subsection.4.11}% 150
\BOOKMARK [3][-]{subsubsection.4.11.5}{\376\377\000G\000r\000a\000d\000i\000e\000n\000t\000\040\000F\000l\000o\000w\000\040\000A\000n\000a\000l\000y\000s\000i\000s}{subsection.4.11}% 151
\BOOKMARK [3][-]{subsubsection.4.11.6}{\376\377\000I\000m\000p\000l\000e\000m\000e\000n\000t\000a\000t\000i\000o\000n\000\040\000D\000e\000t\000a\000i\000l\000s}{subsection.4.11}% 152
\BOOKMARK [3][-]{subsubsection.4.11.7}{\376\377\000V\000a\000l\000i\000d\000a\000t\000i\000o\000n\000\040\000a\000n\000d\000\040\000T\000e\000s\000t\000i\000n\000g}{subsection.4.11}% 153
\BOOKMARK [2][-]{subsection.4.12}{\376\377\000T\000e\000c\000h\000n\000i\000c\000a\000l\000\040\000I\000m\000p\000l\000e\000m\000e\000n\000t\000a\000t\000i\000o\000n\000\040\000D\000e\000t\000a\000i\000l\000s}{section.4}% 154
\BOOKMARK [3][-]{subsubsection.4.12.1}{\376\377\000M\000e\000m\000o\000r\000y\000\040\000A\000l\000l\000o\000c\000a\000t\000i\000o\000n\000\040\000f\000o\000r\000\040\000N\000o\000n\000-\000L\000o\000c\000a\000l\000\040\000O\000p\000e\000r\000a\000t\000o\000r\000s}{subsection.4.12}% 155
\BOOKMARK [3][-]{subsubsection.4.12.2}{\376\377\000C\000o\000m\000p\000u\000t\000a\000t\000i\000o\000n\000a\000l\000\040\000C\000o\000m\000p\000l\000e\000x\000i\000t\000y\000\040\000A\000n\000a\000l\000y\000s\000i\000s}{subsection.4.12}% 156
\BOOKMARK [3][-]{subsubsection.4.12.3}{\376\377\000N\000u\000m\000e\000r\000i\000c\000a\000l\000\040\000S\000t\000a\000b\000i\000l\000i\000t\000y\000\040\000a\000n\000d\000\040\000E\000r\000r\000o\000r\000\040\000H\000a\000n\000d\000l\000i\000n\000g}{subsection.4.12}% 157
\BOOKMARK [1][-]{section.5}{\376\377\000I\000m\000p\000l\000e\000m\000e\000n\000t\000a\000t\000i\000o\000n\000\040\000D\000e\000t\000a\000i\000l\000s}{}% 158
\BOOKMARK [2][-]{subsection.5.1}{\376\377\000S\000p\000e\000c\000t\000r\000a\000l\000\040\000A\000u\000t\000o\000g\000r\000a\000d\000\040\000F\000r\000a\000m\000e\000w\000o\000r\000k}{section.5}% 159
\BOOKMARK [2][-]{subsection.5.2}{\376\377\000F\000r\000a\000c\000t\000i\000o\000n\000a\000l\000\040\000D\000e\000r\000i\000v\000a\000t\000i\000v\000e\000\040\000A\000l\000g\000o\000r\000i\000t\000h\000m\000s}{section.5}% 160
\BOOKMARK [2][-]{subsection.5.3}{\376\377\000P\000e\000r\000f\000o\000r\000m\000a\000n\000c\000e\000\040\000O\000p\000t\000i\000m\000i\000z\000a\000t\000i\000o\000n\000s}{section.5}% 161
\BOOKMARK [2][-]{subsection.5.4}{\376\377\000V\000a\000l\000i\000d\000a\000t\000i\000o\000n\000\040\000a\000n\000d\000\040\000T\000e\000s\000t\000i\000n\000g}{section.5}% 162
\BOOKMARK [1][-]{section.6}{\376\377\000R\000e\000s\000u\000l\000t\000s}{}% 163
\BOOKMARK [2][-]{subsection.6.1}{\376\377\000C\000o\000r\000e\000\040\000P\000e\000r\000f\000o\000r\000m\000a\000n\000c\000e\000\040\000R\000e\000s\000u\000l\000t\000s}{section.6}% 164
\BOOKMARK [3][-]{subsubsection.6.1.1}{\376\377\000C\000o\000m\000p\000u\000t\000a\000t\000i\000o\000n\000a\000l\000\040\000P\000e\000r\000f\000o\000r\000m\000a\000n\000c\000e\000\040\000B\000e\000n\000c\000h\000m\000a\000r\000k\000s}{subsection.6.1}% 165
\BOOKMARK [2][-]{subsection.6.2}{\376\377\000S\000p\000e\000c\000t\000r\000a\000l\000\040\000A\000u\000t\000o\000g\000r\000a\000d\000\040\000F\000r\000a\000m\000e\000w\000o\000r\000k\000\040\000R\000e\000s\000u\000l\000t\000s}{section.6}% 166
\BOOKMARK [3][-]{subsubsection.6.2.1}{\376\377\000G\000r\000a\000d\000i\000e\000n\000t\000\040\000F\000l\000o\000w\000\040\000V\000e\000r\000i\000f\000i\000c\000a\000t\000i\000o\000n}{subsection.6.2}% 167
\BOOKMARK [3][-]{subsubsection.6.2.2}{\376\377\000S\000c\000a\000l\000a\000b\000i\000l\000i\000t\000y\000\040\000A\000n\000a\000l\000y\000s\000i\000s}{subsection.6.2}% 168
\BOOKMARK [3][-]{subsubsection.6.2.3}{\376\377\000M\000a\000t\000h\000e\000m\000a\000t\000i\000c\000a\000l\000\040\000P\000r\000o\000p\000e\000r\000t\000i\000e\000s\000\040\000V\000e\000r\000i\000f\000i\000c\000a\000t\000i\000o\000n}{subsection.6.2}% 169
\BOOKMARK [3][-]{subsubsection.6.2.4}{\376\377\000N\000e\000u\000r\000a\000l\000\040\000N\000e\000t\000w\000o\000r\000k\000\040\000I\000n\000t\000e\000g\000r\000a\000t\000i\000o\000n}{subsection.6.2}% 170
\BOOKMARK [3][-]{subsubsection.6.2.5}{\376\377\000P\000r\000o\000d\000u\000c\000t\000i\000o\000n\000\040\000R\000e\000a\000d\000i\000n\000e\000s\000s\000\040\000A\000s\000s\000e\000s\000s\000m\000e\000n\000t}{subsection.6.2}% 171
\BOOKMARK [2][-]{subsection.6.3}{\376\377\000T\000h\000e\000o\000r\000e\000t\000i\000c\000a\000l\000\040\000V\000a\000l\000i\000d\000a\000t\000i\000o\000n\000\040\000R\000e\000s\000u\000l\000t\000s}{section.6}% 172
\BOOKMARK [3][-]{subsubsection.6.3.1}{\376\377\000F\000r\000a\000c\000t\000i\000o\000n\000a\000l\000\040\000O\000D\000E\000\040\000B\000e\000n\000c\000h\000m\000a\000r\000k\000\040\000P\000r\000o\000b\000l\000e\000m\000s}{subsection.6.3}% 173
\BOOKMARK [2][-]{subsection.6.4}{\376\377\000M\000e\000m\000o\000r\000y\000\040\000a\000n\000d\000\040\000C\000o\000m\000p\000u\000t\000a\000t\000i\000o\000n\000a\000l\000\040\000A\000n\000a\000l\000y\000s\000i\000s}{section.6}% 174
\BOOKMARK [3][-]{subsubsection.6.4.1}{\376\377\000M\000e\000m\000o\000r\000y\000\040\000S\000c\000a\000l\000i\000n\000g\000\040\000A\000n\000a\000l\000y\000s\000i\000s}{subsection.6.4}% 175
\BOOKMARK [3][-]{subsubsection.6.4.2}{\376\377\000S\000c\000a\000l\000a\000b\000i\000l\000i\000t\000y\000\040\000A\000n\000a\000l\000y\000s\000i\000s}{subsection.6.4}% 176
\BOOKMARK [2][-]{subsection.6.5}{\376\377\000P\000r\000o\000p\000o\000s\000e\000d\000\040\000A\000p\000p\000l\000i\000c\000a\000t\000i\000o\000n\000s}{section.6}% 177
\BOOKMARK [3][-]{subsubsection.6.5.1}{\376\377\000P\000o\000t\000e\000n\000t\000i\000a\000l\000\040\000B\000i\000o\000m\000e\000d\000i\000c\000a\000l\000\040\000A\000p\000p\000l\000i\000c\000a\000t\000i\000o\000n\000s}{subsection.6.5}% 178
\BOOKMARK [2][-]{subsection.6.6}{\376\377\000L\000i\000m\000i\000t\000a\000t\000i\000o\000n\000s\000\040\000a\000n\000d\000\040\000F\000u\000t\000u\000r\000e\000\040\000E\000x\000p\000e\000r\000i\000m\000e\000n\000t\000a\000l\000\040\000W\000o\000r\000k}{section.6}% 179
\BOOKMARK [3][-]{subsubsection.6.6.1}{\376\377\000C\000u\000r\000r\000e\000n\000t\000\040\000L\000i\000m\000i\000t\000a\000t\000i\000o\000n\000s}{subsection.6.6}% 180
\BOOKMARK [3][-]{subsubsection.6.6.2}{\376\377\000F\000u\000t\000u\000r\000e\000\040\000E\000x\000p\000e\000r\000i\000m\000e\000n\000t\000a\000l\000\040\000W\000o\000r\000k}{subsection.6.6}% 181
\BOOKMARK [2][-]{subsection.6.7}{\376\377\000B\000e\000n\000c\000h\000m\000a\000r\000k\000\040\000P\000r\000o\000b\000l\000e\000m\000s\000\040\000a\000n\000d\000\040\000T\000e\000s\000t\000\040\000C\000a\000s\000e\000s}{section.6}% 182
\BOOKMARK [3][-]{subsubsection.6.7.1}{\376\377\000F\000r\000a\000c\000t\000i\000o\000n\000a\000l\000\040\000O\000D\000E\000\040\000E\000x\000a\000m\000p\000l\000e\000s}{subsection.6.7}% 183
\BOOKMARK [3][-]{subsubsection.6.7.2}{\376\377\000S\000D\000E\000\040\000E\000x\000a\000m\000p\000l\000e\000s}{subsection.6.7}% 184
\BOOKMARK [2][-]{subsection.6.8}{\376\377\000P\000e\000r\000f\000o\000r\000m\000a\000n\000c\000e\000\040\000A\000n\000a\000l\000y\000s\000i\000s}{section.6}% 185
\BOOKMARK [3][-]{subsubsection.6.8.1}{\376\377\000B\000e\000n\000c\000h\000m\000a\000r\000k\000i\000n\000g\000\040\000M\000e\000t\000h\000o\000d\000o\000l\000o\000g\000y}{subsection.6.8}% 186
\BOOKMARK [3][-]{subsubsection.6.8.2}{\376\377\000R\000e\000a\000l\000i\000s\000t\000i\000c\000\040\000P\000e\000r\000f\000o\000r\000m\000a\000n\000c\000e\000\040\000A\000n\000a\000l\000y\000s\000i\000s}{subsection.6.8}% 187
\BOOKMARK [3][-]{subsubsection.6.8.3}{\376\377\000C\000o\000m\000p\000u\000t\000a\000t\000i\000o\000n\000a\000l\000\040\000E\000f\000f\000i\000c\000i\000e\000n\000c\000y}{subsection.6.8}% 188
\BOOKMARK [3][-]{subsubsection.6.8.4}{\376\377\000M\000e\000m\000o\000r\000y\000\040\000C\000o\000m\000p\000l\000e\000x\000i\000t\000y\000\040\000A\000n\000a\000l\000y\000s\000i\000s}{subsection.6.8}% 189
\BOOKMARK [3][-]{subsubsection.6.8.5}{\376\377\000M\000e\000m\000o\000r\000y\000\040\000U\000s\000a\000g\000e\000\040\000O\000p\000t\000i\000m\000i\000z\000a\000t\000i\000o\000n}{subsection.6.8}% 190
\BOOKMARK [3][-]{subsubsection.6.8.6}{\376\377\000S\000c\000a\000l\000a\000b\000i\000l\000i\000t\000y\000\040\000A\000n\000a\000l\000y\000s\000i\000s}{subsection.6.8}% 191
\BOOKMARK [2][-]{subsection.6.9}{\376\377\000N\000u\000m\000e\000r\000i\000c\000a\000l\000\040\000S\000t\000a\000b\000i\000l\000i\000t\000y\000\040\000A\000n\000a\000l\000y\000s\000i\000s}{section.6}% 192
\BOOKMARK [3][-]{subsubsection.6.9.1}{\376\377\000S\000i\000n\000g\000u\000l\000a\000r\000i\000t\000y\000\040\000H\000a\000n\000d\000l\000i\000n\000g}{subsection.6.9}% 193
\BOOKMARK [3][-]{subsubsection.6.9.2}{\376\377\000E\000d\000g\000e\000\040\000C\000a\000s\000e\000\040\000A\000n\000a\000l\000y\000s\000i\000s}{subsection.6.9}% 194
\BOOKMARK [3][-]{subsubsection.6.9.3}{\376\377\000R\000o\000b\000u\000s\000t\000n\000e\000s\000s\000\040\000T\000e\000s\000t\000i\000n\000g}{subsection.6.9}% 195
\BOOKMARK [2][-]{subsection.6.10}{\376\377\000A\000c\000c\000u\000r\000a\000c\000y\000\040\000a\000n\000d\000\040\000C\000o\000n\000v\000e\000r\000g\000e\000n\000c\000e\000\040\000A\000n\000a\000l\000y\000s\000i\000s}{section.6}% 196
\BOOKMARK [3][-]{subsubsection.6.10.1}{\376\377\000V\000a\000l\000i\000d\000a\000t\000i\000o\000n\000\040\000A\000g\000a\000i\000n\000s\000t\000\040\000A\000n\000a\000l\000y\000t\000i\000c\000a\000l\000\040\000S\000o\000l\000u\000t\000i\000o\000n\000s}{subsection.6.10}% 197
\BOOKMARK [3][-]{subsubsection.6.10.2}{\376\377\000C\000o\000n\000v\000e\000r\000g\000e\000n\000c\000e\000\040\000O\000r\000d\000e\000r\000\040\000A\000n\000a\000l\000y\000s\000i\000s}{subsection.6.10}% 198
\BOOKMARK [2][-]{subsection.6.11}{\376\377\000R\000e\000a\000l\000-\000W\000o\000r\000l\000d\000\040\000A\000p\000p\000l\000i\000c\000a\000t\000i\000o\000n\000s}{section.6}% 199
\BOOKMARK [3][-]{subsubsection.6.11.1}{\376\377\000B\000i\000o\000m\000e\000d\000i\000c\000a\000l\000\040\000S\000i\000g\000n\000a\000l\000\040\000P\000r\000o\000c\000e\000s\000s\000i\000n\000g\000\040\000A\000p\000p\000l\000i\000c\000a\000t\000i\000o\000n}{subsection.6.11}% 200
\BOOKMARK [3][-]{subsubsection.6.11.2}{\376\377\000P\000h\000y\000s\000i\000c\000s\000-\000I\000n\000f\000o\000r\000m\000e\000d\000\040\000N\000e\000u\000r\000a\000l\000\040\000N\000e\000t\000w\000o\000r\000k\000s}{subsection.6.11}% 201
\BOOKMARK [3][-]{subsubsection.6.11.3}{\376\377\000T\000i\000m\000e\000\040\000S\000e\000r\000i\000e\000s\000\040\000P\000r\000e\000d\000i\000c\000t\000i\000o\000n}{subsection.6.11}% 202
\BOOKMARK [3][-]{subsubsection.6.11.4}{\376\377\000F\000i\000n\000a\000n\000c\000i\000a\000l\000\040\000M\000o\000d\000e\000l\000i\000n\000g}{subsection.6.11}% 203
\BOOKMARK [2][-]{subsection.6.12}{\376\377\000C\000o\000m\000p\000a\000r\000i\000s\000o\000n\000\040\000w\000i\000t\000h\000\040\000E\000s\000t\000a\000b\000l\000i\000s\000h\000e\000d\000\040\000L\000i\000b\000r\000a\000r\000i\000e\000s}{section.6}% 204
\BOOKMARK [3][-]{subsubsection.6.12.1}{\376\377\000B\000a\000s\000e\000l\000i\000n\000e\000\040\000L\000i\000b\000r\000a\000r\000y\000\040\000C\000o\000m\000p\000a\000r\000i\000s\000o\000n}{subsection.6.12}% 205
\BOOKMARK [3][-]{subsubsection.6.12.2}{\376\377\000T\000r\000a\000d\000i\000t\000i\000o\000n\000a\000l\000\040\000N\000u\000m\000e\000r\000i\000c\000a\000l\000\040\000M\000e\000t\000h\000o\000d\000s}{subsection.6.12}% 206
\BOOKMARK [3][-]{subsubsection.6.12.3}{\376\377\000M\000a\000c\000h\000i\000n\000e\000\040\000L\000e\000a\000r\000n\000i\000n\000g\000\040\000F\000r\000a\000m\000e\000w\000o\000r\000k\000s}{subsection.6.12}% 207
\BOOKMARK [2][-]{subsection.6.13}{\376\377\000P\000e\000r\000f\000o\000r\000m\000a\000n\000c\000e\000\040\000B\000e\000n\000c\000h\000m\000a\000r\000k\000s}{section.6}% 208
\BOOKMARK [3][-]{subsubsection.6.13.1}{\376\377\000C\000o\000m\000p\000u\000t\000a\000t\000i\000o\000n\000a\000l\000\040\000C\000o\000m\000p\000l\000e\000x\000i\000t\000y}{subsection.6.13}% 209
\BOOKMARK [3][-]{subsubsection.6.13.2}{\376\377\000S\000c\000a\000l\000a\000b\000i\000l\000i\000t\000y\000\040\000L\000i\000m\000i\000t\000s}{subsection.6.13}% 210
\BOOKMARK [1][-]{section.7}{\376\377\000D\000i\000s\000c\000u\000s\000s\000i\000o\000n\000\040\000a\000n\000d\000\040\000F\000u\000t\000u\000r\000e\000\040\000W\000o\000r\000k}{}% 211
\BOOKMARK [2][-]{subsection.7.1}{\376\377\000S\000u\000m\000m\000a\000r\000y\000\040\000o\000f\000\040\000L\000i\000m\000i\000t\000a\000t\000i\000o\000n\000s\000\040\000a\000n\000d\000\040\000F\000u\000t\000u\000r\000e\000\040\000D\000i\000r\000e\000c\000t\000i\000o\000n\000s}{section.7}% 212
\BOOKMARK [3][-]{subsubsection.7.1.1}{\376\377\000C\000u\000r\000r\000e\000n\000t\000\040\000L\000i\000m\000i\000t\000a\000t\000i\000o\000n\000s}{subsection.7.1}% 213
\BOOKMARK [3][-]{subsubsection.7.1.2}{\376\377\000F\000u\000t\000u\000r\000e\000\040\000R\000e\000s\000e\000a\000r\000c\000h\000\040\000D\000i\000r\000e\000c\000t\000i\000o\000n\000s}{subsection.7.1}% 214
\BOOKMARK [2][-]{subsection.7.2}{\376\377\000F\000r\000a\000m\000e\000w\000o\000r\000k\000\040\000L\000i\000m\000i\000t\000a\000t\000i\000o\000n\000s\000\040\000a\000n\000d\000\040\000C\000o\000n\000s\000t\000r\000a\000i\000n\000t\000s}{section.7}% 215
\BOOKMARK [3][-]{subsubsection.7.2.1}{\376\377\000C\000u\000r\000r\000e\000n\000t\000\040\000I\000m\000p\000l\000e\000m\000e\000n\000t\000a\000t\000i\000o\000n\000\040\000L\000i\000m\000i\000t\000a\000t\000i\000o\000n\000s}{subsection.7.2}% 216
\BOOKMARK [3][-]{subsubsection.7.2.2}{\376\377\000I\000m\000p\000l\000e\000m\000e\000n\000t\000a\000t\000i\000o\000n\000-\000S\000p\000e\000c\000i\000f\000i\000c\000\040\000C\000o\000n\000s\000t\000r\000a\000i\000n\000t\000s}{subsection.7.2}% 217
\BOOKMARK [2][-]{subsection.7.3}{\376\377\000F\000u\000t\000u\000r\000e\000\040\000D\000e\000v\000e\000l\000o\000p\000m\000e\000n\000t\000\040\000R\000o\000a\000d\000m\000a\000p}{section.7}% 218
\BOOKMARK [3][-]{subsubsection.7.3.1}{\376\377\000R\000e\000l\000e\000a\000s\000e\000\040\0002\000.\0001\000.\0000\000:\000\040\000A\000d\000v\000a\000n\000c\000e\000d\000\040\000N\000e\000u\000r\000a\000l\000\040\000f\000S\000D\000E\000\040\000F\000r\000a\000m\000e\000w\000o\000r\000k}{subsection.7.3}% 219
\BOOKMARK [3][-]{subsubsection.7.3.2}{\376\377\000R\000e\000l\000e\000a\000s\000e\000\040\0002\000.\0000\000.\0000\000:\000\040\000P\000r\000o\000d\000u\000c\000t\000i\000o\000n\000-\000R\000e\000a\000d\000y\000\040\000F\000r\000a\000m\000e\000w\000o\000r\000k\000\040\000\050\000C\000O\000M\000P\000L\000E\000T\000E\000D\000\051}{subsection.7.3}% 220
\BOOKMARK [3][-]{subsubsection.7.3.3}{\376\377\000R\000e\000l\000e\000a\000s\000e\000\040\0002\000.\0001\000.\0000\000:\000\040\000N\000e\000u\000r\000a\000l\000\040\000F\000r\000a\000c\000t\000i\000o\000n\000a\000l\000\040\000S\000D\000E\000s\000\040\000\050\000P\000L\000A\000N\000N\000E\000D\000\051}{subsection.7.3}% 221
\BOOKMARK [3][-]{subsubsection.7.3.4}{\376\377\000L\000o\000n\000g\000-\000t\000e\000r\000m\000\040\000R\000e\000s\000e\000a\000r\000c\000h\000\040\000D\000i\000r\000e\000c\000t\000i\000o\000n\000s}{subsection.7.3}% 222
\BOOKMARK [2][-]{subsection.7.4}{\376\377\000R\000e\000s\000e\000a\000r\000c\000h\000\040\000A\000p\000p\000l\000i\000c\000a\000t\000i\000o\000n\000s\000\040\000a\000n\000d\000\040\000I\000m\000p\000a\000c\000t}{section.7}% 223
\BOOKMARK [3][-]{subsubsection.7.4.1}{\376\377\000P\000h\000y\000s\000i\000c\000s\000\040\000a\000n\000d\000\040\000E\000n\000g\000i\000n\000e\000e\000r\000i\000n\000g\000\040\000A\000p\000p\000l\000i\000c\000a\000t\000i\000o\000n\000s}{subsection.7.4}% 224
\BOOKMARK [3][-]{subsubsection.7.4.2}{\376\377\000B\000i\000o\000l\000o\000g\000i\000c\000a\000l\000\040\000a\000n\000d\000\040\000M\000e\000d\000i\000c\000a\000l\000\040\000A\000p\000p\000l\000i\000c\000a\000t\000i\000o\000n\000s}{subsection.7.4}% 225
\BOOKMARK [3][-]{subsubsection.7.4.3}{\376\377\000F\000i\000n\000a\000n\000c\000i\000a\000l\000\040\000a\000n\000d\000\040\000E\000c\000o\000n\000o\000m\000i\000c\000\040\000A\000p\000p\000l\000i\000c\000a\000t\000i\000o\000n\000s}{subsection.7.4}% 226
\BOOKMARK [2][-]{subsection.7.5}{\376\377\000E\000d\000u\000c\000a\000t\000i\000o\000n\000a\000l\000\040\000a\000n\000d\000\040\000C\000o\000m\000m\000u\000n\000i\000t\000y\000\040\000I\000m\000p\000a\000c\000t}{section.7}% 227
\BOOKMARK [3][-]{subsubsection.7.5.1}{\376\377\000E\000d\000u\000c\000a\000t\000i\000o\000n\000a\000l\000\040\000V\000a\000l\000u\000e}{subsection.7.5}% 228
\BOOKMARK [3][-]{subsubsection.7.5.2}{\376\377\000C\000o\000m\000m\000u\000n\000i\000t\000y\000\040\000D\000e\000v\000e\000l\000o\000p\000m\000e\000n\000t}{subsection.7.5}% 229
\BOOKMARK [2][-]{subsection.7.6}{\376\377\000T\000e\000c\000h\000n\000i\000c\000a\000l\000\040\000C\000h\000a\000l\000l\000e\000n\000g\000e\000s\000\040\000a\000n\000d\000\040\000S\000o\000l\000u\000t\000i\000o\000n\000s}{section.7}% 230
\BOOKMARK [3][-]{subsubsection.7.6.1}{\376\377\000C\000o\000m\000p\000u\000t\000a\000t\000i\000o\000n\000a\000l\000\040\000C\000h\000a\000l\000l\000e\000n\000g\000e\000s}{subsection.7.6}% 231
\BOOKMARK [3][-]{subsubsection.7.6.2}{\376\377\000A\000l\000g\000o\000r\000i\000t\000h\000m\000i\000c\000\040\000C\000h\000a\000l\000l\000e\000n\000g\000e\000s}{subsection.7.6}% 232
\BOOKMARK [2][-]{subsection.7.7}{\376\377\000I\000n\000t\000e\000g\000r\000a\000t\000i\000o\000n\000\040\000a\000n\000d\000\040\000I\000n\000t\000e\000r\000o\000p\000e\000r\000a\000b\000i\000l\000i\000t\000y}{section.7}% 233
\BOOKMARK [3][-]{subsubsection.7.7.1}{\376\377\000E\000x\000i\000s\000t\000i\000n\000g\000\040\000F\000r\000a\000m\000e\000w\000o\000r\000k\000\040\000I\000n\000t\000e\000g\000r\000a\000t\000i\000o\000n}{subsection.7.7}% 234
\BOOKMARK [3][-]{subsubsection.7.7.2}{\376\377\000S\000t\000a\000n\000d\000a\000r\000d\000i\000z\000a\000t\000i\000o\000n\000\040\000E\000f\000f\000o\000r\000t\000s}{subsection.7.7}% 235
\BOOKMARK [2][-]{subsection.7.8}{\376\377\000C\000o\000n\000c\000l\000u\000s\000i\000o\000n\000\040\000a\000n\000d\000\040\000O\000u\000t\000l\000o\000o\000k}{section.7}% 236
\BOOKMARK [2][-]{subsection.7.9}{\376\377\000P\000r\000o\000d\000u\000c\000t\000i\000o\000n\000\040\000R\000e\000a\000d\000i\000n\000e\000s\000s\000\040\000A\000s\000s\000e\000s\000s\000m\000e\000n\000t}{section.7}% 237
\BOOKMARK [1][-]{section.8}{\376\377\000C\000o\000n\000c\000l\000u\000s\000i\000o\000n}{}% 238
\BOOKMARK [2][-]{subsection.8.1}{\376\377\000S\000u\000m\000m\000a\000r\000y\000\040\000o\000f\000\040\000C\000o\000n\000t\000r\000i\000b\000u\000t\000i\000o\000n\000s}{section.8}% 239
\BOOKMARK [3][-]{subsubsection.8.1.1}{\376\377\000T\000e\000c\000h\000n\000i\000c\000a\000l\000\040\000I\000n\000n\000o\000v\000a\000t\000i\000o\000n\000s}{subsection.8.1}% 240
\BOOKMARK [3][-]{subsubsection.8.1.2}{\376\377\000I\000m\000p\000l\000e\000m\000e\000n\000t\000a\000t\000i\000o\000n\000\040\000E\000x\000c\000e\000l\000l\000e\000n\000c\000e}{subsection.8.1}% 241
\BOOKMARK [3][-]{subsubsection.8.1.3}{\376\377\000R\000e\000s\000e\000a\000r\000c\000h\000\040\000I\000m\000p\000a\000c\000t}{subsection.8.1}% 242
\BOOKMARK [2][-]{subsection.8.2}{\376\377\000E\000x\000p\000e\000r\000i\000m\000e\000n\000t\000a\000l\000\040\000V\000a\000l\000i\000d\000a\000t\000i\000o\000n}{section.8}% 243
\BOOKMARK [3][-]{subsubsection.8.2.1}{\376\377\000A\000c\000c\000u\000r\000a\000c\000y\000\040\000a\000n\000d\000\040\000R\000e\000l\000i\000a\000b\000i\000l\000i\000t\000y}{subsection.8.2}% 244
\BOOKMARK [3][-]{subsubsection.8.2.2}{\376\377\000R\000e\000a\000l\000-\000W\000o\000r\000l\000d\000\040\000A\000p\000p\000l\000i\000c\000a\000b\000i\000l\000i\000t\000y}{subsection.8.2}% 245
\BOOKMARK [2][-]{subsection.8.3}{\376\377\000C\000o\000m\000p\000a\000r\000i\000s\000o\000n\000\040\000w\000i\000t\000h\000\040\000E\000x\000i\000s\000t\000i\000n\000g\000\040\000W\000o\000r\000k}{section.8}% 246
\BOOKMARK [3][-]{subsubsection.8.3.1}{\376\377\000A\000d\000v\000a\000n\000t\000a\000g\000e\000s\000\040\000o\000v\000e\000r\000\040\000T\000r\000a\000d\000i\000t\000i\000o\000n\000a\000l\000\040\000M\000e\000t\000h\000o\000d\000s}{subsection.8.3}% 247
\BOOKMARK [3][-]{subsubsection.8.3.2}{\376\377\000A\000d\000v\000a\000n\000t\000a\000g\000e\000s\000\040\000o\000v\000e\000r\000\040\000E\000x\000i\000s\000t\000i\000n\000g\000\040\000M\000L\000\040\000F\000r\000a\000m\000e\000w\000o\000r\000k\000s}{subsection.8.3}% 248
\BOOKMARK [2][-]{subsection.8.4}{\376\377\000I\000m\000p\000a\000c\000t\000\040\000o\000n\000\040\000t\000h\000e\000\040\000F\000i\000e\000l\000d}{section.8}% 249
\BOOKMARK [3][-]{subsubsection.8.4.1}{\376\377\000R\000e\000s\000e\000a\000r\000c\000h\000\040\000A\000d\000v\000a\000n\000c\000e\000m\000e\000n\000t}{subsection.8.4}% 250
\BOOKMARK [3][-]{subsubsection.8.4.2}{\376\377\000E\000d\000u\000c\000a\000t\000i\000o\000n\000a\000l\000\040\000I\000m\000p\000a\000c\000t}{subsection.8.4}% 251
\BOOKMARK [3][-]{subsubsection.8.4.3}{\376\377\000C\000o\000m\000m\000u\000n\000i\000t\000y\000\040\000D\000e\000v\000e\000l\000o\000p\000m\000e\000n\000t}{subsection.8.4}% 252
\BOOKMARK [2][-]{subsection.8.5}{\376\377\000F\000u\000t\000u\000r\000e\000\040\000D\000i\000r\000e\000c\000t\000i\000o\000n\000s}{section.8}% 253
\BOOKMARK [3][-]{subsubsection.8.5.1}{\376\377\000I\000m\000m\000e\000d\000i\000a\000t\000e\000\040\000D\000e\000v\000e\000l\000o\000p\000m\000e\000n\000t}{subsection.8.5}% 254
\BOOKMARK [3][-]{subsubsection.8.5.2}{\376\377\000L\000o\000n\000g\000-\000t\000e\000r\000m\000\040\000V\000i\000s\000i\000o\000n}{subsection.8.5}% 255
\BOOKMARK [2][-]{subsection.8.6}{\376\377\000B\000r\000o\000a\000d\000e\000r\000\040\000I\000m\000p\000l\000i\000c\000a\000t\000i\000o\000n\000s}{section.8}% 256
\BOOKMARK [3][-]{subsubsection.8.6.1}{\376\377\000S\000c\000i\000e\000n\000t\000i\000f\000i\000c\000\040\000C\000o\000m\000p\000u\000t\000i\000n\000g\000\040\000P\000a\000r\000a\000d\000i\000g\000m}{subsection.8.6}% 257
\BOOKMARK [3][-]{subsubsection.8.6.2}{\376\377\000R\000e\000s\000e\000a\000r\000c\000h\000\040\000M\000e\000t\000h\000o\000d\000o\000l\000o\000g\000y}{subsection.8.6}% 258
\BOOKMARK [2][-]{subsection.8.7}{\376\377\000F\000i\000n\000a\000l\000\040\000R\000e\000m\000a\000r\000k\000s}{section.8}% 259
\BOOKMARK [1][-]{appendix.A}{\376\377\000I\000n\000s\000t\000a\000l\000l\000a\000t\000i\000o\000n\000\040\000a\000n\000d\000\040\000S\000y\000s\000t\000e\000m\000\040\000R\000e\000q\000u\000i\000r\000e\000m\000e\000n\000t\000s}{}% 260
\BOOKMARK [2][-]{subsection.A.1}{\376\377\000S\000y\000s\000t\000e\000m\000\040\000R\000e\000q\000u\000i\000r\000e\000m\000e\000n\000t\000s}{appendix.A}% 261
\BOOKMARK [3][-]{subsubsection.A.1.1}{\376\377\000H\000a\000r\000d\000w\000a\000r\000e\000\040\000R\000e\000q\000u\000i\000r\000e\000m\000e\000n\000t\000s}{subsection.A.1}% 262
\BOOKMARK [3][-]{subsubsection.A.1.2}{\376\377\000S\000o\000f\000t\000w\000a\000r\000e\000\040\000R\000e\000q\000u\000i\000r\000e\000m\000e\000n\000t\000s}{subsection.A.1}% 263
\BOOKMARK [2][-]{subsection.A.2}{\376\377\000I\000n\000s\000t\000a\000l\000l\000a\000t\000i\000o\000n\000\040\000M\000e\000t\000h\000o\000d\000s}{appendix.A}% 264
\BOOKMARK [3][-]{subsubsection.A.2.1}{\376\377\000P\000y\000P\000I\000\040\000I\000n\000s\000t\000a\000l\000l\000a\000t\000i\000o\000n\000\040\000\050\000R\000e\000c\000o\000m\000m\000e\000n\000d\000e\000d\000\051}{subsection.A.2}% 265
\BOOKMARK [3][-]{subsubsection.A.2.2}{\376\377\000C\000o\000n\000d\000a\000\040\000I\000n\000s\000t\000a\000l\000l\000a\000t\000i\000o\000n}{subsection.A.2}% 266
\BOOKMARK [3][-]{subsubsection.A.2.3}{\376\377\000S\000o\000u\000r\000c\000e\000\040\000I\000n\000s\000t\000a\000l\000l\000a\000t\000i\000o\000n}{subsection.A.2}% 267
\BOOKMARK [2][-]{subsection.A.3}{\376\377\000D\000e\000p\000e\000n\000d\000e\000n\000c\000y\000\040\000M\000a\000n\000a\000g\000e\000m\000e\000n\000t}{appendix.A}% 268
\BOOKMARK [3][-]{subsubsection.A.3.1}{\376\377\000C\000o\000r\000e\000\040\000D\000e\000p\000e\000n\000d\000e\000n\000c\000i\000e\000s}{subsection.A.3}% 269
\BOOKMARK [3][-]{subsubsection.A.3.2}{\376\377\000O\000p\000t\000i\000o\000n\000a\000l\000\040\000D\000e\000p\000e\000n\000d\000e\000n\000c\000i\000e\000s}{subsection.A.3}% 270
\BOOKMARK [2][-]{subsection.A.4}{\376\377\000G\000P\000U\000\040\000S\000e\000t\000u\000p}{appendix.A}% 271
\BOOKMARK [3][-]{subsubsection.A.4.1}{\376\377\000C\000U\000D\000A\000\040\000I\000n\000s\000t\000a\000l\000l\000a\000t\000i\000o\000n}{subsection.A.4}% 272
\BOOKMARK [3][-]{subsubsection.A.4.2}{\376\377\000G\000P\000U\000\040\000M\000e\000m\000o\000r\000y\000\040\000M\000a\000n\000a\000g\000e\000m\000e\000n\000t}{subsection.A.4}% 273
\BOOKMARK [2][-]{subsection.A.5}{\376\377\000E\000n\000v\000i\000r\000o\000n\000m\000e\000n\000t\000\040\000S\000e\000t\000u\000p}{appendix.A}% 274
\BOOKMARK [3][-]{subsubsection.A.5.1}{\376\377\000V\000i\000r\000t\000u\000a\000l\000\040\000E\000n\000v\000i\000r\000o\000n\000m\000e\000n\000t\000\040\000C\000r\000e\000a\000t\000i\000o\000n}{subsection.A.5}% 275
\BOOKMARK [3][-]{subsubsection.A.5.2}{\376\377\000E\000n\000v\000i\000r\000o\000n\000m\000e\000n\000t\000\040\000V\000a\000r\000i\000a\000b\000l\000e\000s}{subsection.A.5}% 276
\BOOKMARK [2][-]{subsection.A.6}{\376\377\000V\000e\000r\000i\000f\000i\000c\000a\000t\000i\000o\000n\000\040\000a\000n\000d\000\040\000T\000e\000s\000t\000i\000n\000g}{appendix.A}% 277
\BOOKMARK [3][-]{subsubsection.A.6.1}{\376\377\000B\000a\000s\000i\000c\000\040\000V\000e\000r\000i\000f\000i\000c\000a\000t\000i\000o\000n}{subsection.A.6}% 278
\BOOKMARK [3][-]{subsubsection.A.6.2}{\376\377\000R\000u\000n\000n\000i\000n\000g\000\040\000T\000e\000s\000t\000s}{subsection.A.6}% 279
\BOOKMARK [2][-]{subsection.A.7}{\376\377\000T\000r\000o\000u\000b\000l\000e\000s\000h\000o\000o\000t\000i\000n\000g}{appendix.A}% 280
\BOOKMARK [3][-]{subsubsection.A.7.1}{\376\377\000C\000o\000m\000m\000o\000n\000\040\000I\000n\000s\000t\000a\000l\000l\000a\000t\000i\000o\000n\000\040\000I\000s\000s\000u\000e\000s}{subsection.A.7}% 281
\BOOKMARK [3][-]{subsubsection.A.7.2}{\376\377\000P\000e\000r\000f\000o\000r\000m\000a\000n\000c\000e\000\040\000I\000s\000s\000u\000e\000s}{subsection.A.7}% 282
\BOOKMARK [2][-]{subsection.A.8}{\376\377\000D\000e\000v\000e\000l\000o\000p\000m\000e\000n\000t\000\040\000S\000e\000t\000u\000p}{appendix.A}% 283
\BOOKMARK [3][-]{subsubsection.A.8.1}{\376\377\000D\000e\000v\000e\000l\000o\000p\000m\000e\000n\000t\000\040\000D\000e\000p\000e\000n\000d\000e\000n\000c\000i\000e\000s}{subsection.A.8}% 284
\BOOKMARK [3][-]{subsubsection.A.8.2}{\376\377\000C\000o\000d\000e\000\040\000Q\000u\000a\000l\000i\000t\000y\000\040\000T\000o\000o\000l\000s}{subsection.A.8}% 285
\BOOKMARK [2][-]{subsection.A.9}{\376\377\000C\000o\000n\000t\000a\000i\000n\000e\000r\000\040\000D\000e\000p\000l\000o\000y\000m\000e\000n\000t}{appendix.A}% 286
\BOOKMARK [3][-]{subsubsection.A.9.1}{\376\377\000D\000o\000c\000k\000e\000r\000\040\000I\000n\000s\000t\000a\000l\000l\000a\000t\000i\000o\000n}{subsection.A.9}% 287
\BOOKMARK [3][-]{subsubsection.A.9.2}{\376\377\000S\000i\000n\000g\000u\000l\000a\000r\000i\000t\000y\000\040\000I\000n\000s\000t\000a\000l\000l\000a\000t\000i\000o\000n}{subsection.A.9}% 288
\BOOKMARK [1][-]{appendix.B}{\376\377\000B\000e\000n\000c\000h\000m\000a\000r\000k\000\040\000P\000r\000o\000b\000l\000e\000m\000s\000\040\000a\000n\000d\000\040\000P\000e\000r\000f\000o\000r\000m\000a\000n\000c\000e\000\040\000M\000e\000t\000r\000i\000c\000s}{}% 289
\BOOKMARK [2][-]{subsection.B.1}{\376\377\000S\000t\000a\000n\000d\000a\000r\000d\000\040\000B\000e\000n\000c\000h\000m\000a\000r\000k\000\040\000P\000r\000o\000b\000l\000e\000m\000s}{appendix.B}% 290
\BOOKMARK [3][-]{subsubsection.B.1.1}{\376\377\000F\000r\000a\000c\000t\000i\000o\000n\000a\000l\000\040\000D\000i\000f\000f\000e\000r\000e\000n\000t\000i\000a\000l\000\040\000E\000q\000u\000a\000t\000i\000o\000n\000\040\000B\000e\000n\000c\000h\000m\000a\000r\000k\000s}{subsection.B.1}% 291
\BOOKMARK [3][-]{subsubsection.B.1.2}{\376\377\000S\000t\000o\000c\000h\000a\000s\000t\000i\000c\000\040\000D\000i\000f\000f\000e\000r\000e\000n\000t\000i\000a\000l\000\040\000E\000q\000u\000a\000t\000i\000o\000n\000\040\000B\000e\000n\000c\000h\000m\000a\000r\000k\000s}{subsection.B.1}% 292
\BOOKMARK [2][-]{subsection.B.2}{\376\377\000P\000e\000r\000f\000o\000r\000m\000a\000n\000c\000e\000\040\000B\000e\000n\000c\000h\000m\000a\000r\000k\000s}{appendix.B}% 293
\BOOKMARK [3][-]{subsubsection.B.2.1}{\376\377\000N\000e\000u\000r\000a\000l\000\040\000O\000D\000E\000\040\000P\000e\000r\000f\000o\000r\000m\000a\000n\000c\000e}{subsection.B.2}% 294
\BOOKMARK [3][-]{subsubsection.B.2.2}{\376\377\000S\000D\000E\000\040\000S\000o\000l\000v\000e\000r\000\040\000P\000e\000r\000f\000o\000r\000m\000a\000n\000c\000e}{subsection.B.2}% 295
\BOOKMARK [2][-]{subsection.B.3}{\376\377\000A\000c\000c\000u\000r\000a\000c\000y\000\040\000B\000e\000n\000c\000h\000m\000a\000r\000k\000s}{appendix.B}% 296
\BOOKMARK [3][-]{subsubsection.B.3.1}{\376\377\000A\000n\000a\000l\000y\000t\000i\000c\000a\000l\000\040\000S\000o\000l\000u\000t\000i\000o\000n\000\040\000V\000a\000l\000i\000d\000a\000t\000i\000o\000n}{subsection.B.3}% 297
\BOOKMARK [3][-]{subsubsection.B.3.2}{\376\377\000C\000r\000o\000s\000s\000-\000V\000a\000l\000i\000d\000a\000t\000i\000o\000n\000\040\000R\000e\000s\000u\000l\000t\000s}{subsection.B.3}% 298
\BOOKMARK [2][-]{subsection.B.4}{\376\377\000M\000e\000m\000o\000r\000y\000\040\000a\000n\000d\000\040\000S\000c\000a\000l\000a\000b\000i\000l\000i\000t\000y\000\040\000B\000e\000n\000c\000h\000m\000a\000r\000k\000s}{appendix.B}% 299
\BOOKMARK [3][-]{subsubsection.B.4.1}{\376\377\000M\000e\000m\000o\000r\000y\000\040\000O\000p\000t\000i\000m\000i\000z\000a\000t\000i\000o\000n}{subsection.B.4}% 300
\BOOKMARK [3][-]{subsubsection.B.4.2}{\376\377\000S\000c\000a\000l\000a\000b\000i\000l\000i\000t\000y\000\040\000A\000n\000a\000l\000y\000s\000i\000s}{subsection.B.4}% 301
\BOOKMARK [2][-]{subsection.B.5}{\376\377\000R\000e\000a\000l\000-\000W\000o\000r\000l\000d\000\040\000A\000p\000p\000l\000i\000c\000a\000t\000i\000o\000n\000\040\000B\000e\000n\000c\000h\000m\000a\000r\000k\000s}{appendix.B}% 302
\BOOKMARK [3][-]{subsubsection.B.5.1}{\376\377\000P\000h\000y\000s\000i\000c\000s\000\040\000A\000p\000p\000l\000i\000c\000a\000t\000i\000o\000n\000s}{subsection.B.5}% 303
\BOOKMARK [3][-]{subsubsection.B.5.2}{\376\377\000F\000i\000n\000a\000n\000c\000i\000a\000l\000\040\000A\000p\000p\000l\000i\000c\000a\000t\000i\000o\000n\000s}{subsection.B.5}% 304
\BOOKMARK [2][-]{subsection.B.6}{\376\377\000B\000e\000n\000c\000h\000m\000a\000r\000k\000\040\000R\000e\000p\000r\000o\000d\000u\000c\000i\000b\000i\000l\000i\000t\000y}{appendix.B}% 305
\BOOKMARK [3][-]{subsubsection.B.6.1}{\376\377\000E\000n\000v\000i\000r\000o\000n\000m\000e\000n\000t\000\040\000S\000p\000e\000c\000i\000f\000i\000c\000a\000t\000i\000o\000n\000s}{subsection.B.6}% 306
\BOOKMARK [3][-]{subsubsection.B.6.2}{\376\377\000R\000e\000p\000r\000o\000d\000u\000c\000i\000b\000i\000l\000i\000t\000y\000\040\000I\000n\000s\000t\000r\000u\000c\000t\000i\000o\000n\000s}{subsection.B.6}% 307
\BOOKMARK [1][-]{appendix.C}{\376\377\000P\000e\000r\000f\000o\000r\000m\000a\000n\000c\000e\000\040\000A\000n\000a\000l\000y\000s\000i\000s\000\040\000a\000n\000d\000\040\000O\000p\000t\000i\000m\000i\000z\000a\000t\000i\000o\000n}{}% 308
\BOOKMARK [2][-]{subsection.C.1}{\376\377\000P\000e\000r\000f\000o\000r\000m\000a\000n\000c\000e\000\040\000P\000r\000o\000f\000i\000l\000i\000n\000g}{appendix.C}% 309
\BOOKMARK [3][-]{subsubsection.C.1.1}{\376\377\000C\000o\000m\000p\000u\000t\000a\000t\000i\000o\000n\000a\000l\000\040\000B\000o\000t\000t\000l\000e\000n\000e\000c\000k\000s}{subsection.C.1}% 310
\BOOKMARK [3][-]{subsubsection.C.1.2}{\376\377\000M\000e\000m\000o\000r\000y\000\040\000U\000s\000a\000g\000e\000\040\000A\000n\000a\000l\000y\000s\000i\000s}{subsection.C.1}% 311
\BOOKMARK [2][-]{subsection.C.2}{\376\377\000O\000p\000t\000i\000m\000i\000z\000a\000t\000i\000o\000n\000\040\000S\000t\000r\000a\000t\000e\000g\000i\000e\000s}{appendix.C}% 312
\BOOKMARK [3][-]{subsubsection.C.2.1}{\376\377\000G\000P\000U\000\040\000O\000p\000t\000i\000m\000i\000z\000a\000t\000i\000o\000n}{subsection.C.2}% 313
\BOOKMARK [3][-]{subsubsection.C.2.2}{\376\377\000M\000e\000m\000o\000r\000y\000\040\000O\000p\000t\000i\000m\000i\000z\000a\000t\000i\000o\000n}{subsection.C.2}% 314
\BOOKMARK [3][-]{subsubsection.C.2.3}{\376\377\000A\000l\000g\000o\000r\000i\000t\000h\000m\000i\000c\000\040\000O\000p\000t\000i\000m\000i\000z\000a\000t\000i\000o\000n}{subsection.C.2}% 315
\BOOKMARK [2][-]{subsection.C.3}{\376\377\000P\000e\000r\000f\000o\000r\000m\000a\000n\000c\000e\000\040\000M\000o\000n\000i\000t\000o\000r\000i\000n\000g}{appendix.C}% 316
\BOOKMARK [3][-]{subsubsection.C.3.1}{\376\377\000R\000e\000a\000l\000-\000t\000i\000m\000e\000\040\000P\000e\000r\000f\000o\000r\000m\000a\000n\000c\000e\000\040\000M\000e\000t\000r\000i\000c\000s}{subsection.C.3}% 317
\BOOKMARK [3][-]{subsubsection.C.3.2}{\376\377\000P\000e\000r\000f\000o\000r\000m\000a\000n\000c\000e\000\040\000P\000r\000o\000f\000i\000l\000i\000n\000g\000\040\000T\000o\000o\000l\000s}{subsection.C.3}% 318
\BOOKMARK [2][-]{subsection.C.4}{\376\377\000P\000e\000r\000f\000o\000r\000m\000a\000n\000c\000e\000\040\000T\000u\000n\000i\000n\000g}{appendix.C}% 319
\BOOKMARK [3][-]{subsubsection.C.4.1}{\376\377\000H\000y\000p\000e\000r\000p\000a\000r\000a\000m\000e\000t\000e\000r\000\040\000O\000p\000t\000i\000m\000i\000z\000a\000t\000i\000o\000n}{subsection.C.4}% 320
\BOOKMARK [2][-]{subsection.C.5}{\376\377\000P\000e\000r\000f\000o\000r\000m\000a\000n\000c\000e\000\040\000B\000e\000n\000c\000h\000m\000a\000r\000k\000s}{appendix.C}% 321
\BOOKMARK [3][-]{subsubsection.C.5.1}{\376\377\000C\000r\000o\000s\000s\000-\000P\000l\000a\000t\000f\000o\000r\000m\000\040\000C\000o\000m\000p\000a\000r\000i\000s\000o\000n}{subsection.C.5}% 322
\BOOKMARK [3][-]{subsubsection.C.5.2}{\376\377\000B\000a\000c\000k\000e\000n\000d\000\040\000C\000o\000m\000p\000a\000r\000i\000s\000o\000n}{subsection.C.5}% 323
\BOOKMARK [2][-]{subsection.C.6}{\376\377\000P\000e\000r\000f\000o\000r\000m\000a\000n\000c\000e\000\040\000O\000p\000t\000i\000m\000i\000z\000a\000t\000i\000o\000n\000\040\000G\000u\000i\000d\000e\000l\000i\000n\000e\000s}{appendix.C}% 324
\BOOKMARK [3][-]{subsubsection.C.6.1}{\376\377\000B\000e\000s\000t\000\040\000P\000r\000a\000c\000t\000i\000c\000e\000s}{subsection.C.6}% 325
\BOOKMARK [3][-]{subsubsection.C.6.2}{\376\377\000T\000r\000o\000u\000b\000l\000e\000s\000h\000o\000o\000t\000i\000n\000g\000\040\000P\000e\000r\000f\000o\000r\000m\000a\000n\000c\000e\000\040\000I\000s\000s\000u\000e\000s}{subsection.C.6}% 326
